This file contains any messages produced by compilers while
running configure, to aid debugging if configure makes a mistake.

It was created by AMOS Assembler configure 3.1.0, which was
generated by GNU Autoconf 2.69.  Invocation command line was

  $ ./configure --no-create --no-recursion

## --------- ##
## Platform. ##
## --------- ##

hostname = hydra8.eecs.utk.edu
uname -m = x86_64
uname -r = 3.10.0-1127.19.1.el7.x86_64
uname -s = Linux
uname -v = #1 SMP Tue Aug 11 19:12:04 EDT 2020

/usr/bin/uname -p = x86_64
/bin/uname -X     = unknown

/bin/arch              = x86_64
/usr/bin/arch -k       = unknown
/usr/convex/getsysinfo = unknown
/usr/bin/hostinfo      = unknown
/bin/machine           = unknown
/usr/bin/oslevel       = unknown
/bin/universe          = unknown

PATH: /home/dxh594/.vscode-server/bin/2af051012b66169dde0c4dfae3f5ef48f787ff69/bin
PATH: /home/dxh594/.vscode-server/bin/2af051012b66169dde0c4dfae3f5ef48f787ff69/bin
PATH: /usr/lib64/qt-3.3/bin
PATH: /usr/local/bin
PATH: /usr/bin
PATH: /home/dxh594/bin
PATH: /usr/local/sbin
PATH: /usr/sbin
PATH: /var/cfengine/bin
PATH: /home/dxh594/bin
PATH: /var/cfengine/bin
PATH: /var/cfengine/bin


## ----------- ##
## Core tests. ##
## ----------- ##

configure:2390: checking for a BSD-compatible install
configure:2458: result: /usr/bin/install -c
configure:2469: checking whether build environment is sane
configure:2519: result: yes
configure:2660: checking for a thread-safe mkdir -p
configure:2699: result: /usr/bin/mkdir -p
configure:2712: checking for gawk
configure:2728: found /usr/bin/gawk
configure:2739: result: gawk
configure:2750: checking whether make sets $(MAKE)
configure:2772: result: yes
configure:2934: checking for g++
configure:2950: found /usr/bin/g++
configure:2961: result: g++
configure:2988: checking for C++ compiler version
configure:2997: g++ --version >&5
g++ (GCC) 4.8.5 20150623 (Red Hat 4.8.5-39)
Copyright (C) 2015 Free Software Foundation, Inc.
This is free software; see the source for copying conditions.  There is NO
warranty; not even for MERCHANTABILITY or FITNESS FOR A PARTICULAR PURPOSE.

configure:3008: $? = 0
configure:2997: g++ -v >&5
Using built-in specs.
COLLECT_GCC=g++
COLLECT_LTO_WRAPPER=/usr/libexec/gcc/x86_64-redhat-linux/4.8.5/lto-wrapper
Target: x86_64-redhat-linux
Configured with: ../configure --prefix=/usr --mandir=/usr/share/man --infodir=/usr/share/info --with-bugurl=http://bugzilla.redhat.com/bugzilla --enable-bootstrap --enable-shared --enable-threads=posix --enable-checking=release --with-system-zlib --enable-__cxa_atexit --disable-libunwind-exceptions --enable-gnu-unique-object --enable-linker-build-id --with-linker-hash-style=gnu --enable-languages=c,c++,objc,obj-c++,java,fortran,ada,go,lto --enable-plugin --enable-initfini-array --disable-libgcj --with-isl=/builddir/build/BUILD/gcc-4.8.5-20150702/obj-x86_64-redhat-linux/isl-install --with-cloog=/builddir/build/BUILD/gcc-4.8.5-20150702/obj-x86_64-redhat-linux/cloog-install --enable-gnu-indirect-function --with-tune=generic --with-arch_32=x86-64 --build=x86_64-redhat-linux
Thread model: posix
gcc version 4.8.5 20150623 (Red Hat 4.8.5-39) (GCC) 
configure:3008: $? = 0
configure:2997: g++ -V >&5
g++: error: unrecognized command line option '-V'
g++: fatal error: no input files
compilation terminated.
configure:3008: $? = 4
configure:2997: g++ -qversion >&5
g++: error: unrecognized command line option '-qversion'
g++: fatal error: no input files
compilation terminated.
configure:3008: $? = 4
configure:3028: checking whether the C++ compiler works
configure:3050: g++    conftest.cpp  >&5
configure:3054: $? = 0
configure:3102: result: yes
configure:3105: checking for C++ compiler default output file name
configure:3107: result: a.out
configure:3113: checking for suffix of executables
configure:3120: g++ -o conftest    conftest.cpp  >&5
configure:3124: $? = 0
configure:3146: result: 
configure:3168: checking whether we are cross compiling
configure:3176: g++ -o conftest    conftest.cpp  >&5
configure:3180: $? = 0
configure:3187: ./conftest
configure:3191: $? = 0
configure:3206: result: no
configure:3211: checking for suffix of object files
configure:3233: g++ -c   conftest.cpp >&5
configure:3237: $? = 0
configure:3258: result: o
configure:3262: checking whether we are using the GNU C++ compiler
configure:3281: g++ -c   conftest.cpp >&5
configure:3281: $? = 0
configure:3290: result: yes
configure:3299: checking whether g++ accepts -g
configure:3319: g++ -c -g  conftest.cpp >&5
configure:3319: $? = 0
configure:3360: result: yes
configure:3394: checking for style of include used by make
configure:3422: result: GNU
configure:3447: checking dependency style of g++
configure:3557: result: gcc3
configure:3620: checking for gcc
configure:3636: found /usr/bin/gcc
configure:3647: result: gcc
configure:3876: checking for C compiler version
configure:3885: gcc --version >&5
gcc (GCC) 4.8.5 20150623 (Red Hat 4.8.5-39)
Copyright (C) 2015 Free Software Foundation, Inc.
This is free software; see the source for copying conditions.  There is NO
warranty; not even for MERCHANTABILITY or FITNESS FOR A PARTICULAR PURPOSE.

configure:3896: $? = 0
configure:3885: gcc -v >&5
Using built-in specs.
COLLECT_GCC=gcc
COLLECT_LTO_WRAPPER=/usr/libexec/gcc/x86_64-redhat-linux/4.8.5/lto-wrapper
Target: x86_64-redhat-linux
Configured with: ../configure --prefix=/usr --mandir=/usr/share/man --infodir=/usr/share/info --with-bugurl=http://bugzilla.redhat.com/bugzilla --enable-bootstrap --enable-shared --enable-threads=posix --enable-checking=release --with-system-zlib --enable-__cxa_atexit --disable-libunwind-exceptions --enable-gnu-unique-object --enable-linker-build-id --with-linker-hash-style=gnu --enable-languages=c,c++,objc,obj-c++,java,fortran,ada,go,lto --enable-plugin --enable-initfini-array --disable-libgcj --with-isl=/builddir/build/BUILD/gcc-4.8.5-20150702/obj-x86_64-redhat-linux/isl-install --with-cloog=/builddir/build/BUILD/gcc-4.8.5-20150702/obj-x86_64-redhat-linux/cloog-install --enable-gnu-indirect-function --with-tune=generic --with-arch_32=x86-64 --build=x86_64-redhat-linux
Thread model: posix
gcc version 4.8.5 20150623 (Red Hat 4.8.5-39) (GCC) 
configure:3896: $? = 0
configure:3885: gcc -V >&5
gcc: error: unrecognized command line option '-V'
gcc: fatal error: no input files
compilation terminated.
configure:3896: $? = 4
configure:3885: gcc -qversion >&5
gcc: error: unrecognized command line option '-qversion'
gcc: fatal error: no input files
compilation terminated.
configure:3896: $? = 4
configure:3900: checking whether we are using the GNU C compiler
configure:3919: gcc -c   conftest.c >&5
configure:3919: $? = 0
configure:3928: result: yes
configure:3937: checking whether gcc accepts -g
configure:3957: gcc -c -g  conftest.c >&5
configure:3957: $? = 0
configure:3998: result: yes
configure:4015: checking for gcc option to accept ISO C89
configure:4078: gcc  -c -g -O2  conftest.c >&5
configure:4078: $? = 0
configure:4091: result: none needed
configure:4113: checking dependency style of gcc
configure:4223: result: gcc3
configure:4242: checking for gawk
configure:4269: result: gawk
configure:4281: checking whether ln -s works
configure:4285: result: yes
configure:4335: checking for ranlib
configure:4351: found /usr/bin/ranlib
configure:4362: result: ranlib
configure:4389: checking how to run the C preprocessor
configure:4420: gcc -E  conftest.c
configure:4420: $? = 0
configure:4434: gcc -E  conftest.c
conftest.c:11:28: fatal error: ac_nonexistent.h: No such file or directory
 #include <ac_nonexistent.h>
                            ^
compilation terminated.
configure:4434: $? = 1
configure: failed program was:
| /* confdefs.h */
| #define PACKAGE_NAME "AMOS Assembler"
| #define PACKAGE_TARNAME "amos"
| #define PACKAGE_VERSION "3.1.0"
| #define PACKAGE_STRING "AMOS Assembler 3.1.0"
| #define PACKAGE_BUGREPORT "amos-help@lists.sourceforge.net"
| #define PACKAGE_URL ""
| #define PACKAGE "amos"
| #define VERSION "3.1.0"
| /* end confdefs.h.  */
| #include <ac_nonexistent.h>
configure:4459: result: gcc -E
configure:4479: gcc -E  conftest.c
configure:4479: $? = 0
configure:4493: gcc -E  conftest.c
conftest.c:11:28: fatal error: ac_nonexistent.h: No such file or directory
 #include <ac_nonexistent.h>
                            ^
compilation terminated.
configure:4493: $? = 1
configure: failed program was:
| /* confdefs.h */
| #define PACKAGE_NAME "AMOS Assembler"
| #define PACKAGE_TARNAME "amos"
| #define PACKAGE_VERSION "3.1.0"
| #define PACKAGE_STRING "AMOS Assembler 3.1.0"
| #define PACKAGE_BUGREPORT "amos-help@lists.sourceforge.net"
| #define PACKAGE_URL ""
| #define PACKAGE "amos"
| #define VERSION "3.1.0"
| /* end confdefs.h.  */
| #include <ac_nonexistent.h>
configure:4523: checking for perl
configure:4541: found /usr/bin/perl
configure:4554: result: /usr/bin/perl
configure:4564: checking for python
configure:4582: found /usr/bin/python
configure:4595: result: /usr/bin/python
configure:4605: checking for nucmer
configure:4636: result: :
configure:4646: checking for delta-filter
configure:4677: result: :
configure:4687: checking for show-coords
configure:4718: result: :
configure:4728: checking for blat
configure:4759: result: :
configure:4817: checking for perl module Statistics::Descriptive
configure:4823: result: no
configure:4889: checking for perl module XML::Parser
configure:4899: result: ok
configure:4961: checking for perl module DBI
configure:4971: result: ok
configure:4991: checking for pow in -lm
configure:5016: gcc -o conftest -g -O2   conftest.c -lm   >&5
conftest.c:18:6: warning: conflicting types for built-in function 'pow' [enabled by default]
 char pow ();
      ^
configure:5016: $? = 0
configure:5025: result: yes
configure:5036: checking for fopen in -lc
configure:5061: gcc -o conftest -g -O2   conftest.c -lc  -lm  >&5
configure:5061: $? = 0
configure:5070: result: yes
configure:5081: checking for main in -lz
configure:5100: gcc -o conftest -g -O2   conftest.c -lz  -lc -lm  >&5
configure:5100: $? = 0
configure:5109: result: yes
configure:5130: checking for dirent.h that defines DIR
configure:5149: gcc -c -g -O2  conftest.c >&5
configure:5149: $? = 0
configure:5157: result: yes
configure:5170: checking for library containing opendir
configure:5201: gcc -o conftest -g -O2   conftest.c -lz -lc -lm  >&5
configure:5201: $? = 0
configure:5218: result: none required
configure:5286: checking for grep that handles long lines and -e
configure:5344: result: /usr/bin/grep
configure:5349: checking for egrep
configure:5411: result: /usr/bin/grep -E
configure:5416: checking for ANSI C header files
configure:5436: gcc -c -g -O2  conftest.c >&5
configure:5436: $? = 0
configure:5509: gcc -o conftest -g -O2   conftest.c -lz -lc -lm  >&5
configure:5509: $? = 0
configure:5509: ./conftest
configure:5509: $? = 0
configure:5520: result: yes
configure:5528: checking for sys/wait.h that is POSIX.1 compatible
configure:5554: gcc -c -g -O2  conftest.c >&5
configure:5554: $? = 0
configure:5561: result: yes
configure:5574: checking for sys/types.h
configure:5574: gcc -c -g -O2  conftest.c >&5
configure:5574: $? = 0
configure:5574: result: yes
configure:5574: checking for sys/stat.h
configure:5574: gcc -c -g -O2  conftest.c >&5
configure:5574: $? = 0
configure:5574: result: yes
configure:5574: checking for stdlib.h
configure:5574: gcc -c -g -O2  conftest.c >&5
configure:5574: $? = 0
configure:5574: result: yes
configure:5574: checking for string.h
configure:5574: gcc -c -g -O2  conftest.c >&5
configure:5574: $? = 0
configure:5574: result: yes
configure:5574: checking for memory.h
configure:5574: gcc -c -g -O2  conftest.c >&5
configure:5574: $? = 0
configure:5574: result: yes
configure:5574: checking for strings.h
configure:5574: gcc -c -g -O2  conftest.c >&5
configure:5574: $? = 0
configure:5574: result: yes
configure:5574: checking for inttypes.h
configure:5574: gcc -c -g -O2  conftest.c >&5
configure:5574: $? = 0
configure:5574: result: yes
configure:5574: checking for stdint.h
configure:5574: gcc -c -g -O2  conftest.c >&5
configure:5574: $? = 0
configure:5574: result: yes
configure:5574: checking for unistd.h
configure:5574: gcc -c -g -O2  conftest.c >&5
configure:5574: $? = 0
configure:5574: result: yes
configure:5595: checking fcntl.h usability
configure:5595: gcc -c -g -O2  conftest.c >&5
configure:5595: $? = 0
configure:5595: result: yes
configure:5595: checking fcntl.h presence
configure:5595: gcc -E  conftest.c
configure:5595: $? = 0
configure:5595: result: yes
configure:5595: checking for fcntl.h
configure:5595: result: yes
configure:5595: checking for inttypes.h
configure:5595: result: yes
configure:5595: checking limits.h usability
configure:5595: gcc -c -g -O2  conftest.c >&5
configure:5595: $? = 0
configure:5595: result: yes
configure:5595: checking limits.h presence
configure:5595: gcc -E  conftest.c
configure:5595: $? = 0
configure:5595: result: yes
configure:5595: checking for limits.h
configure:5595: result: yes
configure:5595: checking for stdlib.h
configure:5595: result: yes
configure:5595: checking for unistd.h
configure:5595: result: yes
configure:5610: checking for stdbool.h that conforms to C99
configure:5677: gcc -c -g -O2  conftest.c >&5
configure:5677: $? = 0
configure:5684: result: yes
configure:5686: checking for _Bool
configure:5686: gcc -c -g -O2  conftest.c >&5
configure:5686: $? = 0
configure:5686: gcc -c -g -O2  conftest.c >&5
conftest.c: In function 'main':
conftest.c:67:20: error: expected expression before ')' token
 if (sizeof ((_Bool)))
                    ^
configure:5686: $? = 1
configure: failed program was:
| /* confdefs.h */
| #define PACKAGE_NAME "AMOS Assembler"
| #define PACKAGE_TARNAME "amos"
| #define PACKAGE_VERSION "3.1.0"
| #define PACKAGE_STRING "AMOS Assembler 3.1.0"
| #define PACKAGE_BUGREPORT "amos-help@lists.sourceforge.net"
| #define PACKAGE_URL ""
| #define PACKAGE "amos"
| #define VERSION "3.1.0"
| #define HAVE_LIBM 1
| #define HAVE_LIBC 1
| #define HAVE_LIBZ 1
| #define HAVE_DIRENT_H 1
| #define STDC_HEADERS 1
| #define HAVE_SYS_WAIT_H 1
| #define HAVE_SYS_TYPES_H 1
| #define HAVE_SYS_STAT_H 1
| #define HAVE_STDLIB_H 1
| #define HAVE_STRING_H 1
| #define HAVE_MEMORY_H 1
| #define HAVE_STRINGS_H 1
| #define HAVE_INTTYPES_H 1
| #define HAVE_STDINT_H 1
| #define HAVE_UNISTD_H 1
| #define HAVE_FCNTL_H 1
| #define HAVE_INTTYPES_H 1
| #define HAVE_LIMITS_H 1
| #define HAVE_STDLIB_H 1
| #define HAVE_UNISTD_H 1
| /* end confdefs.h.  */
| #include <stdio.h>
| #ifdef HAVE_SYS_TYPES_H
| # include <sys/types.h>
| #endif
| #ifdef HAVE_SYS_STAT_H
| # include <sys/stat.h>
| #endif
| #ifdef STDC_HEADERS
| # include <stdlib.h>
| # include <stddef.h>
| #else
| # ifdef HAVE_STDLIB_H
| #  include <stdlib.h>
| # endif
| #endif
| #ifdef HAVE_STRING_H
| # if !defined STDC_HEADERS && defined HAVE_MEMORY_H
| #  include <memory.h>
| # endif
| # include <string.h>
| #endif
| #ifdef HAVE_STRINGS_H
| # include <strings.h>
| #endif
| #ifdef HAVE_INTTYPES_H
| # include <inttypes.h>
| #endif
| #ifdef HAVE_STDINT_H
| # include <stdint.h>
| #endif
| #ifdef HAVE_UNISTD_H
| # include <unistd.h>
| #endif
| int
| main ()
| {
| if (sizeof ((_Bool)))
| 	    return 0;
|   ;
|   return 0;
| }
configure:5686: result: yes
configure:5703: checking for an ANSI C-conforming const
configure:5769: gcc -c -g -O2  conftest.c >&5
configure:5769: $? = 0
configure:5776: result: yes
configure:5784: checking for inline
configure:5800: gcc -c -g -O2  conftest.c >&5
configure:5800: $? = 0
configure:5808: result: inline
configure:5826: checking for pid_t
configure:5826: gcc -c -g -O2  conftest.c >&5
configure:5826: $? = 0
configure:5826: gcc -c -g -O2  conftest.c >&5
conftest.c: In function 'main':
conftest.c:69:20: error: expected expression before ')' token
 if (sizeof ((pid_t)))
                    ^
configure:5826: $? = 1
configure: failed program was:
| /* confdefs.h */
| #define PACKAGE_NAME "AMOS Assembler"
| #define PACKAGE_TARNAME "amos"
| #define PACKAGE_VERSION "3.1.0"
| #define PACKAGE_STRING "AMOS Assembler 3.1.0"
| #define PACKAGE_BUGREPORT "amos-help@lists.sourceforge.net"
| #define PACKAGE_URL ""
| #define PACKAGE "amos"
| #define VERSION "3.1.0"
| #define HAVE_LIBM 1
| #define HAVE_LIBC 1
| #define HAVE_LIBZ 1
| #define HAVE_DIRENT_H 1
| #define STDC_HEADERS 1
| #define HAVE_SYS_WAIT_H 1
| #define HAVE_SYS_TYPES_H 1
| #define HAVE_SYS_STAT_H 1
| #define HAVE_STDLIB_H 1
| #define HAVE_STRING_H 1
| #define HAVE_MEMORY_H 1
| #define HAVE_STRINGS_H 1
| #define HAVE_INTTYPES_H 1
| #define HAVE_STDINT_H 1
| #define HAVE_UNISTD_H 1
| #define HAVE_FCNTL_H 1
| #define HAVE_INTTYPES_H 1
| #define HAVE_LIMITS_H 1
| #define HAVE_STDLIB_H 1
| #define HAVE_UNISTD_H 1
| #define HAVE__BOOL 1
| #define HAVE_STDBOOL_H 1
| /* end confdefs.h.  */
| #include <stdio.h>
| #ifdef HAVE_SYS_TYPES_H
| # include <sys/types.h>
| #endif
| #ifdef HAVE_SYS_STAT_H
| # include <sys/stat.h>
| #endif
| #ifdef STDC_HEADERS
| # include <stdlib.h>
| # include <stddef.h>
| #else
| # ifdef HAVE_STDLIB_H
| #  include <stdlib.h>
| # endif
| #endif
| #ifdef HAVE_STRING_H
| # if !defined STDC_HEADERS && defined HAVE_MEMORY_H
| #  include <memory.h>
| # endif
| # include <string.h>
| #endif
| #ifdef HAVE_STRINGS_H
| # include <strings.h>
| #endif
| #ifdef HAVE_INTTYPES_H
| # include <inttypes.h>
| #endif
| #ifdef HAVE_STDINT_H
| # include <stdint.h>
| #endif
| #ifdef HAVE_UNISTD_H
| # include <unistd.h>
| #endif
| int
| main ()
| {
| if (sizeof ((pid_t)))
| 	    return 0;
|   ;
|   return 0;
| }
configure:5826: result: yes
configure:5837: checking for size_t
configure:5837: gcc -c -g -O2  conftest.c >&5
configure:5837: $? = 0
configure:5837: gcc -c -g -O2  conftest.c >&5
conftest.c: In function 'main':
conftest.c:69:21: error: expected expression before ')' token
 if (sizeof ((size_t)))
                     ^
configure:5837: $? = 1
configure: failed program was:
| /* confdefs.h */
| #define PACKAGE_NAME "AMOS Assembler"
| #define PACKAGE_TARNAME "amos"
| #define PACKAGE_VERSION "3.1.0"
| #define PACKAGE_STRING "AMOS Assembler 3.1.0"
| #define PACKAGE_BUGREPORT "amos-help@lists.sourceforge.net"
| #define PACKAGE_URL ""
| #define PACKAGE "amos"
| #define VERSION "3.1.0"
| #define HAVE_LIBM 1
| #define HAVE_LIBC 1
| #define HAVE_LIBZ 1
| #define HAVE_DIRENT_H 1
| #define STDC_HEADERS 1
| #define HAVE_SYS_WAIT_H 1
| #define HAVE_SYS_TYPES_H 1
| #define HAVE_SYS_STAT_H 1
| #define HAVE_STDLIB_H 1
| #define HAVE_STRING_H 1
| #define HAVE_MEMORY_H 1
| #define HAVE_STRINGS_H 1
| #define HAVE_INTTYPES_H 1
| #define HAVE_STDINT_H 1
| #define HAVE_UNISTD_H 1
| #define HAVE_FCNTL_H 1
| #define HAVE_INTTYPES_H 1
| #define HAVE_LIMITS_H 1
| #define HAVE_STDLIB_H 1
| #define HAVE_UNISTD_H 1
| #define HAVE__BOOL 1
| #define HAVE_STDBOOL_H 1
| /* end confdefs.h.  */
| #include <stdio.h>
| #ifdef HAVE_SYS_TYPES_H
| # include <sys/types.h>
| #endif
| #ifdef HAVE_SYS_STAT_H
| # include <sys/stat.h>
| #endif
| #ifdef STDC_HEADERS
| # include <stdlib.h>
| # include <stddef.h>
| #else
| # ifdef HAVE_STDLIB_H
| #  include <stdlib.h>
| # endif
| #endif
| #ifdef HAVE_STRING_H
| # if !defined STDC_HEADERS && defined HAVE_MEMORY_H
| #  include <memory.h>
| # endif
| # include <string.h>
| #endif
| #ifdef HAVE_STRINGS_H
| # include <strings.h>
| #endif
| #ifdef HAVE_INTTYPES_H
| # include <inttypes.h>
| #endif
| #ifdef HAVE_STDINT_H
| # include <stdint.h>
| #endif
| #ifdef HAVE_UNISTD_H
| # include <unistd.h>
| #endif
| int
| main ()
| {
| if (sizeof ((size_t)))
| 	    return 0;
|   ;
|   return 0;
| }
configure:5837: result: yes
configure:5848: checking for mode_t
configure:5848: gcc -c -g -O2  conftest.c >&5
configure:5848: $? = 0
configure:5848: gcc -c -g -O2  conftest.c >&5
conftest.c: In function 'main':
conftest.c:69:21: error: expected expression before ')' token
 if (sizeof ((mode_t)))
                     ^
configure:5848: $? = 1
configure: failed program was:
| /* confdefs.h */
| #define PACKAGE_NAME "AMOS Assembler"
| #define PACKAGE_TARNAME "amos"
| #define PACKAGE_VERSION "3.1.0"
| #define PACKAGE_STRING "AMOS Assembler 3.1.0"
| #define PACKAGE_BUGREPORT "amos-help@lists.sourceforge.net"
| #define PACKAGE_URL ""
| #define PACKAGE "amos"
| #define VERSION "3.1.0"
| #define HAVE_LIBM 1
| #define HAVE_LIBC 1
| #define HAVE_LIBZ 1
| #define HAVE_DIRENT_H 1
| #define STDC_HEADERS 1
| #define HAVE_SYS_WAIT_H 1
| #define HAVE_SYS_TYPES_H 1
| #define HAVE_SYS_STAT_H 1
| #define HAVE_STDLIB_H 1
| #define HAVE_STRING_H 1
| #define HAVE_MEMORY_H 1
| #define HAVE_STRINGS_H 1
| #define HAVE_INTTYPES_H 1
| #define HAVE_STDINT_H 1
| #define HAVE_UNISTD_H 1
| #define HAVE_FCNTL_H 1
| #define HAVE_INTTYPES_H 1
| #define HAVE_LIMITS_H 1
| #define HAVE_STDLIB_H 1
| #define HAVE_UNISTD_H 1
| #define HAVE__BOOL 1
| #define HAVE_STDBOOL_H 1
| /* end confdefs.h.  */
| #include <stdio.h>
| #ifdef HAVE_SYS_TYPES_H
| # include <sys/types.h>
| #endif
| #ifdef HAVE_SYS_STAT_H
| # include <sys/stat.h>
| #endif
| #ifdef STDC_HEADERS
| # include <stdlib.h>
| # include <stddef.h>
| #else
| # ifdef HAVE_STDLIB_H
| #  include <stdlib.h>
| # endif
| #endif
| #ifdef HAVE_STRING_H
| # if !defined STDC_HEADERS && defined HAVE_MEMORY_H
| #  include <memory.h>
| # endif
| # include <string.h>
| #endif
| #ifdef HAVE_STRINGS_H
| # include <strings.h>
| #endif
| #ifdef HAVE_INTTYPES_H
| # include <inttypes.h>
| #endif
| #ifdef HAVE_STDINT_H
| # include <stdint.h>
| #endif
| #ifdef HAVE_UNISTD_H
| # include <unistd.h>
| #endif
| int
| main ()
| {
| if (sizeof ((mode_t)))
| 	    return 0;
|   ;
|   return 0;
| }
configure:5848: result: yes
configure:5859: checking whether struct tm is in sys/time.h or time.h
configure:5879: gcc -c -g -O2  conftest.c >&5
configure:5879: $? = 0
configure:5886: result: time.h
configure:5894: checking whether byte ordering is bigendian
configure:5909: gcc -c -g -O2  conftest.c >&5
conftest.c:34:9: error: unknown type name 'not'
         not a universal capable compiler
         ^
conftest.c:34:15: error: expected '=', ',', ';', 'asm' or '__attribute__' before 'universal'
         not a universal capable compiler
               ^
conftest.c:34:15: error: unknown type name 'universal'
configure:5909: $? = 1
configure: failed program was:
| /* confdefs.h */
| #define PACKAGE_NAME "AMOS Assembler"
| #define PACKAGE_TARNAME "amos"
| #define PACKAGE_VERSION "3.1.0"
| #define PACKAGE_STRING "AMOS Assembler 3.1.0"
| #define PACKAGE_BUGREPORT "amos-help@lists.sourceforge.net"
| #define PACKAGE_URL ""
| #define PACKAGE "amos"
| #define VERSION "3.1.0"
| #define HAVE_LIBM 1
| #define HAVE_LIBC 1
| #define HAVE_LIBZ 1
| #define HAVE_DIRENT_H 1
| #define STDC_HEADERS 1
| #define HAVE_SYS_WAIT_H 1
| #define HAVE_SYS_TYPES_H 1
| #define HAVE_SYS_STAT_H 1
| #define HAVE_STDLIB_H 1
| #define HAVE_STRING_H 1
| #define HAVE_MEMORY_H 1
| #define HAVE_STRINGS_H 1
| #define HAVE_INTTYPES_H 1
| #define HAVE_STDINT_H 1
| #define HAVE_UNISTD_H 1
| #define HAVE_FCNTL_H 1
| #define HAVE_INTTYPES_H 1
| #define HAVE_LIMITS_H 1
| #define HAVE_STDLIB_H 1
| #define HAVE_UNISTD_H 1
| #define HAVE__BOOL 1
| #define HAVE_STDBOOL_H 1
| /* end confdefs.h.  */
| #ifndef __APPLE_CC__
| 	       not a universal capable compiler
| 	     #endif
| 	     typedef int dummy;
| 
configure:5954: gcc -c -g -O2  conftest.c >&5
configure:5954: $? = 0
configure:5972: gcc -c -g -O2  conftest.c >&5
conftest.c: In function 'main':
conftest.c:40:4: error: unknown type name 'not'
    not big endian
    ^
conftest.c:40:12: error: expected '=', ',', ';', 'asm' or '__attribute__' before 'endian'
    not big endian
            ^
configure:5972: $? = 1
configure: failed program was:
| /* confdefs.h */
| #define PACKAGE_NAME "AMOS Assembler"
| #define PACKAGE_TARNAME "amos"
| #define PACKAGE_VERSION "3.1.0"
| #define PACKAGE_STRING "AMOS Assembler 3.1.0"
| #define PACKAGE_BUGREPORT "amos-help@lists.sourceforge.net"
| #define PACKAGE_URL ""
| #define PACKAGE "amos"
| #define VERSION "3.1.0"
| #define HAVE_LIBM 1
| #define HAVE_LIBC 1
| #define HAVE_LIBZ 1
| #define HAVE_DIRENT_H 1
| #define STDC_HEADERS 1
| #define HAVE_SYS_WAIT_H 1
| #define HAVE_SYS_TYPES_H 1
| #define HAVE_SYS_STAT_H 1
| #define HAVE_STDLIB_H 1
| #define HAVE_STRING_H 1
| #define HAVE_MEMORY_H 1
| #define HAVE_STRINGS_H 1
| #define HAVE_INTTYPES_H 1
| #define HAVE_STDINT_H 1
| #define HAVE_UNISTD_H 1
| #define HAVE_FCNTL_H 1
| #define HAVE_INTTYPES_H 1
| #define HAVE_LIMITS_H 1
| #define HAVE_STDLIB_H 1
| #define HAVE_UNISTD_H 1
| #define HAVE__BOOL 1
| #define HAVE_STDBOOL_H 1
| /* end confdefs.h.  */
| #include <sys/types.h>
| 		#include <sys/param.h>
| 
| int
| main ()
| {
| #if BYTE_ORDER != BIG_ENDIAN
| 		 not big endian
| 		#endif
| 
|   ;
|   return 0;
| }
configure:6100: result: no
configure:6125: checking for special C compiler options needed for large files
configure:6170: result: no
configure:6176: checking for _FILE_OFFSET_BITS value needed for large files
configure:6201: gcc -c -g -O2  conftest.c >&5
configure:6201: $? = 0
configure:6233: result: no
configure:6319: checking whether bitfields are packed htol
configure:6350: gcc -o conftest -g -O2   conftest.c -lz -lc -lm  >&5
conftest.c: In function 'main':
conftest.c:47:20: warning: incompatible implicit declaration of built-in function 'exit' [enabled by default]
                    exit(0);
                    ^
configure:6350: $? = 0
configure:6350: ./conftest
configure:6350: $? = 255
configure: program exited with status 255
configure: failed program was:
| /* confdefs.h */
| #define PACKAGE_NAME "AMOS Assembler"
| #define PACKAGE_TARNAME "amos"
| #define PACKAGE_VERSION "3.1.0"
| #define PACKAGE_STRING "AMOS Assembler 3.1.0"
| #define PACKAGE_BUGREPORT "amos-help@lists.sourceforge.net"
| #define PACKAGE_URL ""
| #define PACKAGE "amos"
| #define VERSION "3.1.0"
| #define HAVE_LIBM 1
| #define HAVE_LIBC 1
| #define HAVE_LIBZ 1
| #define HAVE_DIRENT_H 1
| #define STDC_HEADERS 1
| #define HAVE_SYS_WAIT_H 1
| #define HAVE_SYS_TYPES_H 1
| #define HAVE_SYS_STAT_H 1
| #define HAVE_STDLIB_H 1
| #define HAVE_STRING_H 1
| #define HAVE_MEMORY_H 1
| #define HAVE_STRINGS_H 1
| #define HAVE_INTTYPES_H 1
| #define HAVE_STDINT_H 1
| #define HAVE_UNISTD_H 1
| #define HAVE_FCNTL_H 1
| #define HAVE_INTTYPES_H 1
| #define HAVE_LIMITS_H 1
| #define HAVE_STDLIB_H 1
| #define HAVE_UNISTD_H 1
| #define HAVE__BOOL 1
| #define HAVE_STDBOOL_H 1
| /* end confdefs.h.  */
| 
| 
|                struct
|                {
|                  unsigned char a : 4;
|                  unsigned char b : 4;
|                } bf;
| 
|                int
|                main()
|                {
|                  char * p = (char *) &bf;
|                  *p = 0x12;
|                  if (bf.a == 1)
|                    exit(0);
|                  else
|                    exit(-1);
|                }
| 
| 
configure:6360: result: no
configure:6369: checking for X
configure:6477: gcc -E  conftest.c
configure:6477: $? = 0
configure:6508: gcc -o conftest -g -O2   conftest.c -lX11 -lz -lc -lm  >&5
configure:6508: $? = 0
configure:6558: result: libraries , headers 
configure:6657: gcc -o conftest -g -O2   conftest.c -lz -lc -lm   -lX11 >&5
configure:6657: $? = 0
configure:6755: checking for gethostbyname
configure:6755: gcc -o conftest -g -O2   conftest.c -lz -lc -lm  >&5
configure:6755: $? = 0
configure:6755: result: yes
configure:6852: checking for connect
configure:6852: gcc -o conftest -g -O2   conftest.c -lz -lc -lm  >&5
configure:6852: $? = 0
configure:6852: result: yes
configure:6901: checking for remove
configure:6901: gcc -o conftest -g -O2   conftest.c -lz -lc -lm  >&5
configure:6901: $? = 0
configure:6901: result: yes
configure:6950: checking for shmat
configure:6950: gcc -o conftest -g -O2   conftest.c -lz -lc -lm  >&5
configure:6950: $? = 0
configure:6950: result: yes
configure:7008: checking for IceConnectionNumber in -lICE
configure:7033: gcc -o conftest -g -O2   conftest.c -lICE  -lz -lc -lm  >&5
configure:7033: $? = 0
configure:7042: result: yes
configure:7057: checking for Qt4
configure:7091: result: no
configure:7097: checking whether Qt4 works
configure:7200: result: no
configure:7218: checking for Boost
configure:7296: result: yes
configure:7309: checking whether Boost works
configure:7357: ++ -I/usr/include -DAMOS_HAVE_BOOST -c -g -O2 -o amos_boost_main.o amos_boost_main.c
configure:7360: $? = 0
configure:7362: ++ -lz -lc -lm -o amos_boost_main amos_boost_main.o
configure:7365: $? = 0
configure:7384: result: yes
configure:7395: checking for CA
configure:7437: result: no
configure:7445: checking whether CA works
configure:7506: result: no
configure:7521: checking getopt.h usability
configure:7521: gcc -c -g -O2  conftest.c >&5
configure:7521: $? = 0
configure:7521: result: yes
configure:7521: checking getopt.h presence
configure:7521: gcc -E  conftest.c
configure:7521: $? = 0
configure:7521: result: yes
configure:7521: checking for getopt.h
configure:7521: result: yes
configure:7535: checking for getopt_long_only
configure:7535: gcc -o conftest -g -O2   conftest.c -lz -lc -lm  >&5
configure:7535: $? = 0
configure:7535: result: yes
configure:7584: checking for working strtod
configure:7625: gcc -o conftest -g -O2   conftest.c -lz -lc -lm  >&5
configure:7625: $? = 0
configure:7625: ./conftest
configure:7625: $? = 0
configure:7635: result: yes
configure:7704: checking for isascii
configure:7704: gcc -o conftest -g -O2   conftest.c -lz -lc -lm  >&5
conftest.c:58:6: warning: conflicting types for built-in function 'isascii' [enabled by default]
 char isascii ();
      ^
configure:7704: $? = 0
configure:7704: result: yes
configure:7736: checking for strtol
configure:7736: gcc -o conftest -g -O2   conftest.c -lz -lc -lm  >&5
configure:7736: $? = 0
configure:7736: result: yes
configure:7767: checking vfork.h usability
configure:7767: gcc -c -g -O2  conftest.c >&5
conftest.c:70:19: fatal error: vfork.h: No such file or directory
 #include <vfork.h>
                   ^
compilation terminated.
configure:7767: $? = 1
configure: failed program was:
| /* confdefs.h */
| #define PACKAGE_NAME "AMOS Assembler"
| #define PACKAGE_TARNAME "amos"
| #define PACKAGE_VERSION "3.1.0"
| #define PACKAGE_STRING "AMOS Assembler 3.1.0"
| #define PACKAGE_BUGREPORT "amos-help@lists.sourceforge.net"
| #define PACKAGE_URL ""
| #define PACKAGE "amos"
| #define VERSION "3.1.0"
| #define HAVE_LIBM 1
| #define HAVE_LIBC 1
| #define HAVE_LIBZ 1
| #define HAVE_DIRENT_H 1
| #define STDC_HEADERS 1
| #define HAVE_SYS_WAIT_H 1
| #define HAVE_SYS_TYPES_H 1
| #define HAVE_SYS_STAT_H 1
| #define HAVE_STDLIB_H 1
| #define HAVE_STRING_H 1
| #define HAVE_MEMORY_H 1
| #define HAVE_STRINGS_H 1
| #define HAVE_INTTYPES_H 1
| #define HAVE_STDINT_H 1
| #define HAVE_UNISTD_H 1
| #define HAVE_FCNTL_H 1
| #define HAVE_INTTYPES_H 1
| #define HAVE_LIMITS_H 1
| #define HAVE_STDLIB_H 1
| #define HAVE_UNISTD_H 1
| #define HAVE__BOOL 1
| #define HAVE_STDBOOL_H 1
| #define HAVE_GETOPT_H 1
| #define HAVE_GETOPT_LONG_ONLY 1
| #define HAVE_ISASCII 1
| #define HAVE_STRTOL 1
| /* end confdefs.h.  */
| #include <stdio.h>
| #ifdef HAVE_SYS_TYPES_H
| # include <sys/types.h>
| #endif
| #ifdef HAVE_SYS_STAT_H
| # include <sys/stat.h>
| #endif
| #ifdef STDC_HEADERS
| # include <stdlib.h>
| # include <stddef.h>
| #else
| # ifdef HAVE_STDLIB_H
| #  include <stdlib.h>
| # endif
| #endif
| #ifdef HAVE_STRING_H
| # if !defined STDC_HEADERS && defined HAVE_MEMORY_H
| #  include <memory.h>
| # endif
| # include <string.h>
| #endif
| #ifdef HAVE_STRINGS_H
| # include <strings.h>
| #endif
| #ifdef HAVE_INTTYPES_H
| # include <inttypes.h>
| #endif
| #ifdef HAVE_STDINT_H
| # include <stdint.h>
| #endif
| #ifdef HAVE_UNISTD_H
| # include <unistd.h>
| #endif
| #include <vfork.h>
configure:7767: result: no
configure:7767: checking vfork.h presence
configure:7767: gcc -E  conftest.c
conftest.c:37:19: fatal error: vfork.h: No such file or directory
 #include <vfork.h>
                   ^
compilation terminated.
configure:7767: $? = 1
configure: failed program was:
| /* confdefs.h */
| #define PACKAGE_NAME "AMOS Assembler"
| #define PACKAGE_TARNAME "amos"
| #define PACKAGE_VERSION "3.1.0"
| #define PACKAGE_STRING "AMOS Assembler 3.1.0"
| #define PACKAGE_BUGREPORT "amos-help@lists.sourceforge.net"
| #define PACKAGE_URL ""
| #define PACKAGE "amos"
| #define VERSION "3.1.0"
| #define HAVE_LIBM 1
| #define HAVE_LIBC 1
| #define HAVE_LIBZ 1
| #define HAVE_DIRENT_H 1
| #define STDC_HEADERS 1
| #define HAVE_SYS_WAIT_H 1
| #define HAVE_SYS_TYPES_H 1
| #define HAVE_SYS_STAT_H 1
| #define HAVE_STDLIB_H 1
| #define HAVE_STRING_H 1
| #define HAVE_MEMORY_H 1
| #define HAVE_STRINGS_H 1
| #define HAVE_INTTYPES_H 1
| #define HAVE_STDINT_H 1
| #define HAVE_UNISTD_H 1
| #define HAVE_FCNTL_H 1
| #define HAVE_INTTYPES_H 1
| #define HAVE_LIMITS_H 1
| #define HAVE_STDLIB_H 1
| #define HAVE_UNISTD_H 1
| #define HAVE__BOOL 1
| #define HAVE_STDBOOL_H 1
| #define HAVE_GETOPT_H 1
| #define HAVE_GETOPT_LONG_ONLY 1
| #define HAVE_ISASCII 1
| #define HAVE_STRTOL 1
| /* end confdefs.h.  */
| #include <vfork.h>
configure:7767: result: no
configure:7767: checking for vfork.h
configure:7767: result: no
configure:7780: checking for fork
configure:7780: gcc -o conftest -g -O2   conftest.c -lz -lc -lm  >&5
conftest.c:60:6: warning: conflicting types for built-in function 'fork' [enabled by default]
 char fork ();
      ^
configure:7780: $? = 0
configure:7780: result: yes
configure:7780: checking for vfork
configure:7780: gcc -o conftest -g -O2   conftest.c -lz -lc -lm  >&5
configure:7780: $? = 0
configure:7780: result: yes
configure:7790: checking for working fork
configure:7812: gcc -o conftest -g -O2   conftest.c -lz -lc -lm  >&5
configure:7812: $? = 0
configure:7812: ./conftest
configure:7812: $? = 0
configure:7822: result: yes
configure:7843: checking for working vfork
configure:7953: result: yes
configure:7981: checking sys/select.h usability
configure:7981: gcc -c -g -O2  conftest.c >&5
configure:7981: $? = 0
configure:7981: result: yes
configure:7981: checking sys/select.h presence
configure:7981: gcc -E  conftest.c
configure:7981: $? = 0
configure:7981: result: yes
configure:7981: checking for sys/select.h
configure:7981: result: yes
configure:7981: checking sys/socket.h usability
configure:7981: gcc -c -g -O2  conftest.c >&5
configure:7981: $? = 0
configure:7981: result: yes
configure:7981: checking sys/socket.h presence
configure:7981: gcc -E  conftest.c
configure:7981: $? = 0
configure:7981: result: yes
configure:7981: checking for sys/socket.h
configure:7981: result: yes
configure:7991: checking types of arguments for select
configure:8019: gcc -c -g -O2  conftest.c >&5
configure:8019: $? = 0
configure:8030: result: int,fd_set *,struct timeval *
configure:8055: checking for strftime
configure:8055: gcc -o conftest -g -O2   conftest.c -lz -lc -lm  >&5
conftest.c:69:6: warning: conflicting types for built-in function 'strftime' [enabled by default]
 char strftime ();
      ^
configure:8055: $? = 0
configure:8055: result: yes
configure:8126: checking for dup2
configure:8126: gcc -o conftest -g -O2   conftest.c -lz -lc -lm  >&5
configure:8126: $? = 0
configure:8126: result: yes
configure:8126: checking for floor
configure:8126: gcc -o conftest -g -O2   conftest.c -lz -lc -lm  >&5
conftest.c:71:6: warning: conflicting types for built-in function 'floor' [enabled by default]
 char floor ();
      ^
configure:8126: $? = 0
configure:8126: result: yes
configure:8126: checking for localtime
configure:8126: gcc -o conftest -g -O2   conftest.c -lz -lc -lm  >&5
configure:8126: $? = 0
configure:8126: result: yes
configure:8126: checking for lstat
configure:8126: gcc -o conftest -g -O2   conftest.c -lz -lc -lm  >&5
configure:8126: $? = 0
configure:8126: result: yes
configure:8126: checking for memmove
configure:8126: gcc -o conftest -g -O2   conftest.c -lz -lc -lm  >&5
conftest.c:74:6: warning: conflicting types for built-in function 'memmove' [enabled by default]
 char memmove ();
      ^
configure:8126: $? = 0
configure:8126: result: yes
configure:8126: checking for memset
configure:8126: gcc -o conftest -g -O2   conftest.c -lz -lc -lm  >&5
conftest.c:75:6: warning: conflicting types for built-in function 'memset' [enabled by default]
 char memset ();
      ^
configure:8126: $? = 0
configure:8126: result: yes
configure:8126: checking for mkdir
configure:8126: gcc -o conftest -g -O2   conftest.c -lz -lc -lm  >&5
configure:8126: $? = 0
configure:8126: result: yes
configure:8126: checking for pow
configure:8126: gcc -o conftest -g -O2   conftest.c -lz -lc -lm  >&5
conftest.c:77:6: warning: conflicting types for built-in function 'pow' [enabled by default]
 char pow ();
      ^
configure:8126: $? = 0
configure:8126: result: yes
configure:8126: checking for rmdir
configure:8126: gcc -o conftest -g -O2   conftest.c -lz -lc -lm  >&5
configure:8126: $? = 0
configure:8126: result: yes
configure:8126: checking for sqrt
configure:8126: gcc -o conftest -g -O2   conftest.c -lz -lc -lm  >&5
conftest.c:79:6: warning: conflicting types for built-in function 'sqrt' [enabled by default]
 char sqrt ();
      ^
configure:8126: $? = 0
configure:8126: result: yes
configure:8126: checking for stat
configure:8126: gcc -o conftest -g -O2   conftest.c -lz -lc -lm  >&5
configure:8126: $? = 0
configure:8126: result: yes
configure:8126: checking for strchr
configure:8126: gcc -o conftest -g -O2   conftest.c -lz -lc -lm  >&5
conftest.c:81:6: warning: conflicting types for built-in function 'strchr' [enabled by default]
 char strchr ();
      ^
configure:8126: $? = 0
configure:8126: result: yes
configure:8126: checking for strdup
configure:8126: gcc -o conftest -g -O2   conftest.c -lz -lc -lm  >&5
conftest.c:82:6: warning: conflicting types for built-in function 'strdup' [enabled by default]
 char strdup ();
      ^
configure:8126: $? = 0
configure:8126: result: yes
configure:8126: checking for strstr
configure:8126: gcc -o conftest -g -O2   conftest.c -lz -lc -lm  >&5
conftest.c:83:6: warning: conflicting types for built-in function 'strstr' [enabled by default]
 char strstr ();
      ^
configure:8126: $? = 0
configure:8126: result: yes
configure:8144: checking build system type
configure:8158: result: x86_64-unknown-linux-gnu
configure:8178: checking host system type
configure:8191: result: x86_64-unknown-linux-gnu
configure:8221: checking whether to build AMOScmp
configure:8228: result: no
configure:8247: checking whether to build minimus
configure:8254: result: no
configure:8273: checking whether to build Simulator
configure:8280: result: no
configure:8299: checking whether to build Experimental
configure:8306: result: no
configure:8325: checking whether to build all
configure:8332: result: yes
configure:8541: creating ./config.status

## ---------------- ##
## Cache variables. ##
## ---------------- ##

ac_cv_boost_test_result=yes
ac_cv_build=x86_64-unknown-linux-gnu
ac_cv_c_bigendian=no
ac_cv_c_bitfields_htol=no
ac_cv_c_compiler_gnu=yes
ac_cv_c_const=yes
ac_cv_c_inline=inline
ac_cv_ca_test_result=no
ac_cv_cxx_compiler_gnu=yes
ac_cv_enable_AMOScmp=no
ac_cv_enable_Experimental=no
ac_cv_enable_Simulator=no
ac_cv_enable_all=yes
ac_cv_enable_minimus=no
ac_cv_env_BLAT_set=
ac_cv_env_BLAT_value=
ac_cv_env_CCC_set=
ac_cv_env_CCC_value=
ac_cv_env_CC_set=
ac_cv_env_CC_value=
ac_cv_env_CFLAGS_set=
ac_cv_env_CFLAGS_value=
ac_cv_env_CPPFLAGS_set=
ac_cv_env_CPPFLAGS_value=
ac_cv_env_CPP_set=
ac_cv_env_CPP_value=
ac_cv_env_CXXFLAGS_set=
ac_cv_env_CXXFLAGS_value=
ac_cv_env_CXX_set=
ac_cv_env_CXX_value=
ac_cv_env_DELTAFILTER_set=
ac_cv_env_DELTAFILTER_value=
ac_cv_env_LDFLAGS_set=
ac_cv_env_LDFLAGS_value=
ac_cv_env_LIBS_set=
ac_cv_env_LIBS_value=
ac_cv_env_NUCMER_set=
ac_cv_env_NUCMER_value=
ac_cv_env_PERL_set=
ac_cv_env_PERL_value=
ac_cv_env_PYTHON_set=
ac_cv_env_PYTHON_value=
ac_cv_env_SHOWCOORDS_set=
ac_cv_env_SHOWCOORDS_value=
ac_cv_env_XMKMF_set=
ac_cv_env_XMKMF_value=
ac_cv_env_build_alias_set=
ac_cv_env_build_alias_value=
ac_cv_env_host_alias_set=
ac_cv_env_host_alias_value=
ac_cv_env_target_alias_set=
ac_cv_env_target_alias_value=
ac_cv_func_connect=yes
ac_cv_func_dup2=yes
ac_cv_func_floor=yes
ac_cv_func_fork=yes
ac_cv_func_fork_works=yes
ac_cv_func_gethostbyname=yes
ac_cv_func_getopt_long_only=yes
ac_cv_func_isascii=yes
ac_cv_func_localtime=yes
ac_cv_func_lstat=yes
ac_cv_func_memmove=yes
ac_cv_func_memset=yes
ac_cv_func_mkdir=yes
ac_cv_func_pow=yes
ac_cv_func_remove=yes
ac_cv_func_rmdir=yes
ac_cv_func_select_args='int,fd_set *,struct timeval *'
ac_cv_func_shmat=yes
ac_cv_func_sqrt=yes
ac_cv_func_stat=yes
ac_cv_func_strchr=yes
ac_cv_func_strdup=yes
ac_cv_func_strftime=yes
ac_cv_func_strstr=yes
ac_cv_func_strtod=yes
ac_cv_func_strtol=yes
ac_cv_func_vfork=yes
ac_cv_func_vfork_works=yes
ac_cv_have_boost='have_boost=yes                                         		 amos_boost_dir=/usr/include'
ac_cv_have_x='have_x=yes	ac_x_includes='\'''\''	ac_x_libraries='\'''\'''
ac_cv_header_dirent_dirent_h=yes
ac_cv_header_fcntl_h=yes
ac_cv_header_getopt_h=yes
ac_cv_header_inttypes_h=yes
ac_cv_header_limits_h=yes
ac_cv_header_memory_h=yes
ac_cv_header_stdbool_h=yes
ac_cv_header_stdc=yes
ac_cv_header_stdint_h=yes
ac_cv_header_stdlib_h=yes
ac_cv_header_string_h=yes
ac_cv_header_strings_h=yes
ac_cv_header_sys_select_h=yes
ac_cv_header_sys_socket_h=yes
ac_cv_header_sys_stat_h=yes
ac_cv_header_sys_types_h=yes
ac_cv_header_sys_wait_h=yes
ac_cv_header_unistd_h=yes
ac_cv_header_vfork_h=no
ac_cv_host=x86_64-unknown-linux-gnu
ac_cv_lib_ICE_IceConnectionNumber=yes
ac_cv_lib_c_fopen=yes
ac_cv_lib_m_pow=yes
ac_cv_lib_z_main=yes
ac_cv_objext=o
ac_cv_path_BLAT=:
ac_cv_path_DELTAFILTER=:
ac_cv_path_EGREP='/usr/bin/grep -E'
ac_cv_path_GREP=/usr/bin/grep
ac_cv_path_NUCMER=:
ac_cv_path_PERL=/usr/bin/perl
ac_cv_path_PYTHON=/usr/bin/python
ac_cv_path_SHOWCOORDS=:
ac_cv_path_install='/usr/bin/install -c'
ac_cv_path_mkdir=/usr/bin/mkdir
ac_cv_prog_AWK=gawk
ac_cv_prog_CPP='gcc -E'
ac_cv_prog_ac_ct_CC=gcc
ac_cv_prog_ac_ct_CXX=g++
ac_cv_prog_ac_ct_RANLIB=ranlib
ac_cv_prog_cc_c89=
ac_cv_prog_cc_g=yes
ac_cv_prog_cxx_g=yes
ac_cv_prog_make_make_set=yes
ac_cv_qt_test_result=no
ac_cv_search_opendir='none required'
ac_cv_struct_tm=time.h
ac_cv_sys_file_offset_bits=no
ac_cv_sys_largefile_CC=no
ac_cv_type__Bool=yes
ac_cv_type_mode_t=yes
ac_cv_type_pid_t=yes
ac_cv_type_size_t=yes
am_cv_CC_dependencies_compiler_type=gcc3
am_cv_CXX_dependencies_compiler_type=gcc3

## ----------------- ##
## Output variables. ##
## ----------------- ##

ACLOCAL='${SHELL} /home/dxh594/Fall2020/cs594/hw4/amos-3.1.0/config/missing --run aclocal-1.11'
AMDEPBACKSLASH='\'
AMDEP_FALSE='#'
AMDEP_TRUE=''
AMTAR='${SHELL} /home/dxh594/Fall2020/cs594/hw4/amos-3.1.0/config/missing --run tar'
AUTOCONF='${SHELL} /home/dxh594/Fall2020/cs594/hw4/amos-3.1.0/config/missing --run autoconf'
AUTOHEADER='${SHELL} /home/dxh594/Fall2020/cs594/hw4/amos-3.1.0/config/missing --run autoheader'
AUTOMAKE='${SHELL} /home/dxh594/Fall2020/cs594/hw4/amos-3.1.0/config/missing --run automake-1.11'
AWK='gawk'
BLAT=':'
BOOST_CXXFLAGS='-I/usr/include -DAMOS_HAVE_BOOST'
BOOST_DIR='/usr/include'
BUILD_AMOScmp_FALSE=''
BUILD_AMOScmp_TRUE='#'
BUILD_BOOST_FALSE='#'
BUILD_BOOST_TRUE=''
BUILD_Experimental_FALSE=''
BUILD_Experimental_TRUE='#'
BUILD_LIBZ_FALSE='#'
BUILD_LIBZ_TRUE=''
BUILD_QT4_FALSE=''
BUILD_QT4_TRUE='#'
BUILD_Simulator_FALSE=''
BUILD_Simulator_TRUE='#'
BUILD_all_FALSE='#'
BUILD_all_TRUE=''
BUILD_minimus_FALSE=''
BUILD_minimus_TRUE='#'
CA_CXXFLAGS=''
CA_DIR=''
CA_LDADD=''
CC='gcc'
CCDEPMODE='depmode=gcc3'
CFLAGS='-g -O2'
CPP='gcc -E'
CPPFLAGS=''
CXX='g++'
CXXDEPMODE='depmode=gcc3'
CXXFLAGS='-g -O2'
CYGPATH_W='echo'
DEFS='-DHAVE_CONFIG_H'
DELTAFILTER=':'
DEPDIR='.deps'
ECHO_C=''
ECHO_N='-n'
ECHO_T=''
EGREP='/usr/bin/grep -E'
EXEEXT=''
GETOPT_H=''
GREP='/usr/bin/grep'
INSTALL_DATA='${INSTALL} -m 644'
INSTALL_PROGRAM='${INSTALL}'
INSTALL_SCRIPT='${INSTALL}'
INSTALL_STRIP_PROGRAM='$(install_sh) -c -s'
LDFLAGS=''
LIBOBJS=''
LIBS='-lz -lc -lm '
LN_S='ln -s'
LTLIBOBJS=''
MAKEINFO='${SHELL} /home/dxh594/Fall2020/cs594/hw4/amos-3.1.0/config/missing --run makeinfo'
MKDIR_P='/usr/bin/mkdir -p'
NUCMER=':'
OBJEXT='o'
PACKAGE='amos'
PACKAGE_BUGREPORT='amos-help@lists.sourceforge.net'
PACKAGE_NAME='AMOS Assembler'
PACKAGE_STRING='AMOS Assembler 3.1.0'
PACKAGE_TARNAME='amos'
PACKAGE_URL=''
PACKAGE_VERSION='3.1.0'
PATH_SEPARATOR=':'
PERL='/usr/bin/perl'
POW_LIB=''
PYTHON='/usr/bin/python'
QT_CXXFLAGS=''
QT_LIBS=''
QT_MOC=''
QT_QMAKE=''
RANLIB='ranlib'
SET_MAKE=''
SHELL='/bin/sh'
SHOWCOORDS=':'
STRIP=''
VERSION='3.1.0'
XMKMF=''
X_CFLAGS=''
X_EXTRA_LIBS=''
X_LIBS=''
X_PRE_LIBS=' -lSM -lICE'
ac_ct_CC='gcc'
ac_ct_CXX='g++'
am__EXEEXT_FALSE=''
am__EXEEXT_TRUE='#'
am__fastdepCC_FALSE='#'
am__fastdepCC_TRUE=''
am__fastdepCXX_FALSE='#'
am__fastdepCXX_TRUE=''
am__include='include'
am__isrc=''
am__leading_dot='.'
am__quote=''
am__tar='${AMTAR} chof - "$$tardir"'
am__untar='${AMTAR} xf -'
amosincludedir='${prefix}/include/AMOS'
amoslibdir='${exec_prefix}/lib/AMOS'
bindir='${exec_prefix}/bin'
build='x86_64-unknown-linux-gnu'
build_alias=''
build_cpu='x86_64'
build_os='linux-gnu'
build_vendor='unknown'
datadir='${datarootdir}'
datarootdir='${prefix}/share'
docdir='${datarootdir}/doc/amos-3.1.0'
dvidir='${docdir}'
exec_prefix='${prefix}'
host='x86_64-unknown-linux-gnu'
host_alias=''
host_cpu='x86_64'
host_os='linux-gnu'
host_vendor='unknown'
htmldir='${docdir}'
includedir='${prefix}/include'
infodir='${datarootdir}/info'
install_sh='${SHELL} /home/dxh594/Fall2020/cs594/hw4/amos-3.1.0/config/install-sh'
libdir='${exec_prefix}/lib'
libexecdir='${exec_prefix}/libexec'
localedir='${datarootdir}/locale'
localstatedir='${prefix}/var'
mandir='${datarootdir}/man'
mkdir_p='/usr/bin/mkdir -p'
oldincludedir='/usr/include'
pdfdir='${docdir}'
prefix='/home/dxh594/Fall2020/cs594/hw4/amos-3.1.0'
program_transform_name='s,x,x,'
psdir='${docdir}'
sbindir='${exec_prefix}/sbin'
sharedstatedir='${prefix}/com'
sysconfdir='${prefix}/etc'
target_alias=''
tigrincludedir='${prefix}/include/TIGR'
tigrlibdir='${exec_prefix}/lib/TIGR'

## ----------- ##
## confdefs.h. ##
## ----------- ##

/* confdefs.h */
#define PACKAGE_NAME "AMOS Assembler"
#define PACKAGE_TARNAME "amos"
#define PACKAGE_VERSION "3.1.0"
#define PACKAGE_STRING "AMOS Assembler 3.1.0"
#define PACKAGE_BUGREPORT "amos-help@lists.sourceforge.net"
#define PACKAGE_URL ""
#define PACKAGE "amos"
#define VERSION "3.1.0"
#define HAVE_LIBM 1
#define HAVE_LIBC 1
#define HAVE_LIBZ 1
#define HAVE_DIRENT_H 1
#define STDC_HEADERS 1
#define HAVE_SYS_WAIT_H 1
#define HAVE_SYS_TYPES_H 1
#define HAVE_SYS_STAT_H 1
#define HAVE_STDLIB_H 1
#define HAVE_STRING_H 1
#define HAVE_MEMORY_H 1
#define HAVE_STRINGS_H 1
#define HAVE_INTTYPES_H 1
#define HAVE_STDINT_H 1
#define HAVE_UNISTD_H 1
#define HAVE_FCNTL_H 1
#define HAVE_INTTYPES_H 1
#define HAVE_LIMITS_H 1
#define HAVE_STDLIB_H 1
#define HAVE_UNISTD_H 1
#define HAVE__BOOL 1
#define HAVE_STDBOOL_H 1
#define HAVE_GETOPT_H 1
#define HAVE_GETOPT_LONG_ONLY 1
#define HAVE_ISASCII 1
#define HAVE_STRTOL 1
#define HAVE_FORK 1
#define HAVE_VFORK 1
#define HAVE_WORKING_VFORK 1
#define HAVE_WORKING_FORK 1
#define HAVE_SYS_SELECT_H 1
#define HAVE_SYS_SOCKET_H 1
#define SELECT_TYPE_ARG1 int
#define SELECT_TYPE_ARG234 (fd_set *)
#define SELECT_TYPE_ARG5 (struct timeval *)
#define HAVE_STRFTIME 1
#define HAVE_DUP2 1
#define HAVE_FLOOR 1
#define HAVE_LOCALTIME 1
#define HAVE_LSTAT 1
#define HAVE_MEMMOVE 1
#define HAVE_MEMSET 1
#define HAVE_MKDIR 1
#define HAVE_POW 1
#define HAVE_RMDIR 1
#define HAVE_SQRT 1
#define HAVE_STAT 1
#define HAVE_STRCHR 1
#define HAVE_STRDUP 1
#define HAVE_STRSTR 1

configure: exit 0

## ---------------------- ##
## Running config.status. ##
## ---------------------- ##

This file was extended by AMOS Assembler config.status 3.1.0, which was
generated by GNU Autoconf 2.69.  Invocation command line was

  CONFIG_FILES    = 
  CONFIG_HEADERS  = 
  CONFIG_LINKS    = 
  CONFIG_COMMANDS = 
  $ ./config.status 

on hydra8.eecs.utk.edu

config.status:978: creating Makefile
config.status:978: creating doc/Makefile
config.status:978: creating src/Makefile
config.status:978: creating src/GNU/Makefile
config.status:978: creating src/AMOS/Makefile
config.status:978: creating src/Bambus/Makefile
config.status:978: creating src/Bambus/Bundler/Makefile
config.status:978: creating src/Bambus/Output/Makefile
config.status:978: creating src/Bambus/Untangler/Makefile
config.status:978: creating src/Common/Makefile
config.status:978: creating src/Graph/Makefile
config.status:978: creating src/Slice/Makefile
config.status:978: creating src/CelMsg/Makefile
config.status:978: creating src/Message/Makefile
config.status:978: creating src/Bank/Makefile
config.status:978: creating src/Align/Makefile
config.status:978: creating src/Tigger/Makefile
config.status:978: creating src/Compare/Makefile
config.status:978: creating src/Casm/Makefile
config.status:978: creating src/CtgTrim/Makefile
config.status:978: creating src/Sim/Makefile
config.status:978: creating src/Validation/Makefile
config.status:978: creating src/Converters/Makefile
config.status:978: creating src/Utils/Makefile
config.status:978: creating src/PerlModules/Makefile
config.status:978: creating src/PythonModules/Makefile
config.status:978: creating src/Pipeline/Makefile
config.status:978: creating src/Staden/Makefile
config.status:978: creating src/Staden/read/Makefile
config.status:978: creating src/Staden/progs/Makefile
config.status:978: creating src/Contig/Makefile
config.status:978: creating src/Foundation/Makefile
config.status:978: creating src/hawkeye/Makefile
config.status:978: creating src/Experimental/Makefile
config.status:978: creating config.h
config.status:1159: config.h is unchanged
config.status:1207: executing depfiles commands

## ---------------------- ##
## Running config.status. ##
## ---------------------- ##

This file was extended by AMOS Assembler config.status 3.1.0, which was
generated by GNU Autoconf 2.69.  Invocation command line was

  CONFIG_FILES    = 
  CONFIG_HEADERS  = 
  CONFIG_LINKS    = 
  CONFIG_COMMANDS = 
  $ ./config.status config.h

on hydra8.eecs.utk.edu

config.status:978: creating config.h
